<?xml version="1.0" encoding="UTF-8"?>
<!-- Generated by org.testng.reporters.JUnitXMLReporter -->
<testsuite ignored="0" hostname="Admin" failures="1" tests="1" name="Save the post" time="25.408" errors="0" timestamp="2023-05-25T19:45:23 IST">
  <testcase classname="test.SavedPostTest" name="ValidateSavedpostTest" time="22.557">
    <failure type="org.openqa.selenium.ElementClickInterceptedException" message="element click intercepted: Element &amp;lt;a href=&amp;quot;https://tuguapp.com/saved-posts&amp;quot; data-ajax=&amp;quot;?link1=saved-posts&amp;quot;&amp;gt;...&amp;lt;/a&amp;gt; is not clickable at point (178, 162). Other element would receive the click: &amp;lt;div class=&amp;quot;modal fade in&amp;quot; id=&amp;quot;edit-post&amp;quot; role=&amp;quot;dialog&amp;quot; aria-hidden=&amp;quot;false&amp;quot; style=&amp;quot;display: block; padding-right: 8px;&amp;quot;&amp;gt;...&amp;lt;/div&amp;gt;
  (Session info: chrome=113.0.5672.93)
Build info: version: &amp;apos;4.3.0&amp;apos;, revision: &amp;apos;a4995e2c09*&amp;apos;
System info: host: &amp;apos;ADMIN&amp;apos;, ip: &amp;apos;192.168.1.2&amp;apos;, os.name: &amp;apos;Windows 11&amp;apos;, os.arch: &amp;apos;amd64&amp;apos;, os.version: &amp;apos;10.0&amp;apos;, java.version: &amp;apos;18.0.1&amp;apos;
Driver info: org.openqa.selenium.chrome.ChromeDriver
Command: [0d2fcee44f798a91fd5acce171711cf6, clickElement {id=2D796301C13F90664CB3CC3428DA2D86_element_102}]
Capabilities {acceptInsecureCerts: false, browserName: chrome, browserVersion: 113.0.5672.93, chrome: {chromedriverVersion: 113.0.5672.63 (0e1a4471d5ae..., userDataDir: C:\Users\akshi\AppData\Loca...}, goog:chromeOptions: {debuggerAddress: localhost:50717}, networkConnectionEnabled: false, pageLoadStrategy: none, platformName: WINDOWS, proxy: Proxy(), se:cdp: ws://localhost:50717/devtoo..., se:cdpVersion: 113.0.5672.93, setWindowRect: true, strictFileInteractability: false, timeouts: {implicit: 0, pageLoad: 300000, script: 30000}, unhandledPromptBehavior: dismiss and notify, webauthn:extension:credBlob: true, webauthn:extension:largeBlob: true, webauthn:extension:minPinLength: true, webauthn:extension:prf: true, webauthn:virtualAuthenticators: true}
Element: [[ChromeDriver: chrome on WINDOWS (0d2fcee44f798a91fd5acce171711cf6)] -&amp;gt; xpath: //*[@id=&amp;quot;contnet&amp;quot;]/div/div/div[1]/div/div/ul/li[3]/a]
Session ID: 0d2fcee44f798a91fd5acce171711cf6">
      <![CDATA[org.openqa.selenium.ElementClickInterceptedException: element click intercepted: Element <a href="https://tuguapp.com/saved-posts" data-ajax="?link1=saved-posts">...</a> is not clickable at point (178, 162). Other element would receive the click: <div class="modal fade in" id="edit-post" role="dialog" aria-hidden="false" style="display: block; padding-right: 8px;">...</div>
  (Session info: chrome=113.0.5672.93)
Build info: version: '4.3.0', revision: 'a4995e2c09*'
System info: host: 'ADMIN', ip: '192.168.1.2', os.name: 'Windows 11', os.arch: 'amd64', os.version: '10.0', java.version: '18.0.1'
Driver info: org.openqa.selenium.chrome.ChromeDriver
Command: [0d2fcee44f798a91fd5acce171711cf6, clickElement {id=2D796301C13F90664CB3CC3428DA2D86_element_102}]
Capabilities {acceptInsecureCerts: false, browserName: chrome, browserVersion: 113.0.5672.93, chrome: {chromedriverVersion: 113.0.5672.63 (0e1a4471d5ae..., userDataDir: C:\Users\akshi\AppData\Loca...}, goog:chromeOptions: {debuggerAddress: localhost:50717}, networkConnectionEnabled: false, pageLoadStrategy: none, platformName: WINDOWS, proxy: Proxy(), se:cdp: ws://localhost:50717/devtoo..., se:cdpVersion: 113.0.5672.93, setWindowRect: true, strictFileInteractability: false, timeouts: {implicit: 0, pageLoad: 300000, script: 30000}, unhandledPromptBehavior: dismiss and notify, webauthn:extension:credBlob: true, webauthn:extension:largeBlob: true, webauthn:extension:minPinLength: true, webauthn:extension:prf: true, webauthn:virtualAuthenticators: true}
Element: [[ChromeDriver: chrome on WINDOWS (0d2fcee44f798a91fd5acce171711cf6)] -> xpath: //*[@id="contnet"]/div/div/div[1]/div/div/ul/li[3]/a]
Session ID: 0d2fcee44f798a91fd5acce171711cf6
at org.openqa.selenium.remote.codec.w3c.W3CHttpResponseCodec.createException(W3CHttpResponseCodec.java:200)
at org.openqa.selenium.remote.codec.w3c.W3CHttpResponseCodec.decode(W3CHttpResponseCodec.java:133)
at org.openqa.selenium.remote.codec.w3c.W3CHttpResponseCodec.decode(W3CHttpResponseCodec.java:53)
at org.openqa.selenium.remote.HttpCommandExecutor.execute(HttpCommandExecutor.java:184)
at org.openqa.selenium.remote.service.DriverCommandExecutor.invokeExecute(DriverCommandExecutor.java:167)
at org.openqa.selenium.remote.service.DriverCommandExecutor.execute(DriverCommandExecutor.java:142)
at org.openqa.selenium.remote.RemoteWebDriver.execute(RemoteWebDriver.java:569)
at org.openqa.selenium.remote.RemoteWebElement.execute(RemoteWebElement.java:257)
at org.openqa.selenium.remote.RemoteWebElement.click(RemoteWebElement.java:78)
at pages.Savedpostpage.Savedpost(Savedpostpage.java:78)
at test.SavedPostTest.ValidateSavedpostTest(SavedPostTest.java:25)
at java.base/java.util.ArrayList.forEach(ArrayList.java:1511)
... Removed 28 stack frames]]>
    </failure>
  </testcase> <!-- ValidateSavedpostTest -->
</testsuite> <!-- Save the post -->
